2020-12-15 20:10:10.428 [main] INFO  com.course.Application - Starting Application on DESKTOP-L7F4APK with PID 96 (C:\Users\aaron\.ssh\workspace\muke\AutoTest\Chapter13\target\classes started by aaron in C:\Users\aaron\.ssh\workspace\muke\AutoTest)
2020-12-15 20:10:10.433 [main] INFO  com.course.Application - No active profile set, falling back to default profiles: default
2020-12-15 20:10:10.479 [main] INFO  o.s.boot.web.servlet.context.AnnotationConfigServletWebServerApplicationContext - Refreshing org.springframework.boot.web.servlet.context.AnnotationConfigServletWebServerApplicationContext@6200f9cb: startup date [Tue Dec 15 20:10:10 CST 2020]; root of context hierarchy
2020-12-15 20:10:11.048 [main] WARN  org.mybatis.spring.mapper.ClassPathMapperScanner - No MyBatis mapper was found in '[com.course]' package. Please check your configuration.
2020-12-15 20:10:11.261 [main] INFO  o.s.context.support.PostProcessorRegistrationDelegate$BeanPostProcessorChecker - Bean 'org.springframework.transaction.annotation.ProxyTransactionManagementConfiguration' of type [org.springframework.transaction.annotation.ProxyTransactionManagementConfiguration$$EnhancerBySpringCGLIB$$26dfa627] is not eligible for getting processed by all BeanPostProcessors (for example: not eligible for auto-proxying)
2020-12-15 20:10:11.470 [main] INFO  org.springframework.boot.web.embedded.tomcat.TomcatWebServer - Tomcat initialized with port(s): 8888 (http)
2020-12-15 20:10:11.486 [main] INFO  org.apache.catalina.core.StandardService - Starting service [Tomcat]
2020-12-15 20:10:11.486 [main] INFO  org.apache.catalina.core.StandardEngine - Starting Servlet Engine: Apache Tomcat/8.5.28
2020-12-15 20:10:11.490 [localhost-startStop-1] INFO  org.apache.catalina.core.AprLifecycleListener - The APR based Apache Tomcat Native library which allows optimal performance in production environments was not found on the java.library.path: [C:\Program Files\Java\jdk1.8.0_211\bin;C:\WINDOWS\Sun\Java\bin;C:\WINDOWS\system32;C:\WINDOWS;C:\Program Files (x86)\Intel\Intel(R) Management Engine Components\iCLS\;C:\Program Files\Intel\Intel(R) Management Engine Components\iCLS\;C:\Program Files\Java\jdk1.8.0_211\bin;E:\oracleclient;E:\oracle\product\11.2.0\dbhome_1\bin;E:\python\Scripts\;E:\python\;C:\Program Files (x86)\Common Files\Oracle\Java\javapath;C:\Windows\system32;C:\Windows;C:\Windows\System32\Wbem;C:\Windows\System32\WindowsPowerShell\v1.0\;C:\Program Files (x86)\NVIDIA Corporation\PhysX\Common;C:\WINDOWS\system32;C:\WINDOWS;C:\WINDOWS\System32\Wbem;C:\WINDOWS\System32\WindowsPowerShell\v1.0\;C:\WINDOWS\System32\OpenSSH\;C:\Program Files\Intel\WiFi\bin\;C:\Program Files\Common Files\Intel\WirelessCommon\;D:\课程代码\robocopy;C:\;rogram Files\MySQL\MySQL Server 5.5\bin;C:\Program Files\NVIDIA Corporation\NVIDIA NvDLISR;C:\Program Files (x86)\Intel\Intel(R) Management Engine Components\DAL;C:\Program Files\Intel\Intel(R) Management Engine Components\DAL;C:\Program Files (x86)\Intel\Intel(R) Management Engine Components\IPT;C:\Program Files\Intel\Intel(R) Management Engine Components\IPT;E:\webtours\c\bin;E:\webtours\perl\site\bin;E:\webtours\perl\bin;C:\strawberry\c\bin;C:\strawberry\perl\bin;E:\Git\cmd;C:\Users\aaron\AppData\Local\Microsoft\WindowsApps;;E:\VSCODE\Microsoft VS Code\bin;E:\idea\IntelliJ IDEA 2020.1\bin;;.]
2020-12-15 20:10:11.562 [localhost-startStop-1] INFO  org.apache.catalina.core.ContainerBase.[Tomcat].[localhost].[/] - Initializing Spring embedded WebApplicationContext
2020-12-15 20:10:11.562 [localhost-startStop-1] INFO  org.springframework.web.context.ContextLoader - Root WebApplicationContext: initialization completed in 1083 ms
2020-12-15 20:10:11.647 [localhost-startStop-1] INFO  org.springframework.boot.web.servlet.ServletRegistrationBean - Servlet dispatcherServlet mapped to [/]
2020-12-15 20:10:11.650 [localhost-startStop-1] INFO  org.springframework.boot.web.servlet.FilterRegistrationBean - Mapping filter: 'characterEncodingFilter' to: [/*]
2020-12-15 20:10:11.650 [localhost-startStop-1] INFO  org.springframework.boot.web.servlet.FilterRegistrationBean - Mapping filter: 'hiddenHttpMethodFilter' to: [/*]
2020-12-15 20:10:11.651 [localhost-startStop-1] INFO  org.springframework.boot.web.servlet.FilterRegistrationBean - Mapping filter: 'httpPutFormContentFilter' to: [/*]
2020-12-15 20:10:11.651 [localhost-startStop-1] INFO  org.springframework.boot.web.servlet.FilterRegistrationBean - Mapping filter: 'requestContextFilter' to: [/*]
2020-12-15 20:10:12.133 [main] INFO  o.springframework.web.servlet.mvc.method.annotation.RequestMappingHandlerMapping - Mapped "{[/v1/getUserInfo],methods=[POST]}" onto public java.util.List<com.course.model.User> com.course.controller.UserManager.getUserInfo(javax.servlet.http.HttpServletRequest,com.course.model.User)
2020-12-15 20:10:12.134 [main] INFO  o.springframework.web.servlet.mvc.method.annotation.RequestMappingHandlerMapping - Mapped "{[/v1/addUser],methods=[POST]}" onto public int com.course.controller.UserManager.addUser(javax.servlet.http.HttpServletRequest,com.course.model.User)
2020-12-15 20:10:12.134 [main] INFO  o.springframework.web.servlet.mvc.method.annotation.RequestMappingHandlerMapping - Mapped "{[/v1/updateUserInfo],methods=[POST]}" onto public int com.course.controller.UserManager.updateUserInfo(javax.servlet.http.HttpServletRequest,com.course.model.User)
2020-12-15 20:10:12.134 [main] INFO  o.springframework.web.servlet.mvc.method.annotation.RequestMappingHandlerMapping - Mapped "{[/v1/deleteUserInfo],methods=[POST]}" onto public int com.course.controller.UserManager.deleteUserInfo(javax.servlet.http.HttpServletRequest,com.course.model.User)
2020-12-15 20:10:12.134 [main] INFO  o.springframework.web.servlet.mvc.method.annotation.RequestMappingHandlerMapping - Mapped "{[/v1/login],methods=[POST]}" onto public java.lang.Boolean com.course.controller.UserManager.login(javax.servlet.http.HttpServletResponse,com.course.model.User)
2020-12-15 20:10:12.135 [main] INFO  o.springframework.web.servlet.mvc.method.annotation.RequestMappingHandlerMapping - Mapped "{[/v2/api-docs],methods=[GET],produces=[application/json || application/hal+json]}" onto public org.springframework.http.ResponseEntity<springfox.documentation.spring.web.json.Json> springfox.documentation.swagger2.web.Swagger2Controller.getDocumentation(java.lang.String,javax.servlet.http.HttpServletRequest)
2020-12-15 20:10:12.138 [main] INFO  o.springframework.web.servlet.mvc.method.annotation.RequestMappingHandlerMapping - Mapped "{[/swagger-resources/configuration/security]}" onto org.springframework.http.ResponseEntity<springfox.documentation.swagger.web.SecurityConfiguration> springfox.documentation.swagger.web.ApiResourceController.securityConfiguration()
2020-12-15 20:10:12.138 [main] INFO  o.springframework.web.servlet.mvc.method.annotation.RequestMappingHandlerMapping - Mapped "{[/swagger-resources]}" onto org.springframework.http.ResponseEntity<java.util.List<springfox.documentation.swagger.web.SwaggerResource>> springfox.documentation.swagger.web.ApiResourceController.swaggerResources()
2020-12-15 20:10:12.139 [main] INFO  o.springframework.web.servlet.mvc.method.annotation.RequestMappingHandlerMapping - Mapped "{[/swagger-resources/configuration/ui]}" onto org.springframework.http.ResponseEntity<springfox.documentation.swagger.web.UiConfiguration> springfox.documentation.swagger.web.ApiResourceController.uiConfiguration()
2020-12-15 20:10:12.143 [main] INFO  o.springframework.web.servlet.mvc.method.annotation.RequestMappingHandlerMapping - Mapped "{[/error]}" onto public org.springframework.http.ResponseEntity<java.util.Map<java.lang.String, java.lang.Object>> org.springframework.boot.autoconfigure.web.servlet.error.BasicErrorController.error(javax.servlet.http.HttpServletRequest)
2020-12-15 20:10:12.143 [main] INFO  o.springframework.web.servlet.mvc.method.annotation.RequestMappingHandlerMapping - Mapped "{[/error],produces=[text/html]}" onto public org.springframework.web.servlet.ModelAndView org.springframework.boot.autoconfigure.web.servlet.error.BasicErrorController.errorHtml(javax.servlet.http.HttpServletRequest,javax.servlet.http.HttpServletResponse)
2020-12-15 20:10:12.439 [main] INFO  o.springframework.web.servlet.mvc.method.annotation.RequestMappingHandlerAdapter - Looking for @ControllerAdvice: org.springframework.boot.web.servlet.context.AnnotationConfigServletWebServerApplicationContext@6200f9cb: startup date [Tue Dec 15 20:10:10 CST 2020]; root of context hierarchy
2020-12-15 20:10:12.479 [main] INFO  org.springframework.web.servlet.handler.SimpleUrlHandlerMapping - Mapped URL path [/webjars/**] onto handler of type [class org.springframework.web.servlet.resource.ResourceHttpRequestHandler]
2020-12-15 20:10:12.479 [main] INFO  org.springframework.web.servlet.handler.SimpleUrlHandlerMapping - Mapped URL path [/**] onto handler of type [class org.springframework.web.servlet.resource.ResourceHttpRequestHandler]
2020-12-15 20:10:12.503 [main] INFO  org.springframework.web.servlet.handler.SimpleUrlHandlerMapping - Mapped URL path [/**/favicon.ico] onto handler of type [class org.springframework.web.servlet.resource.ResourceHttpRequestHandler]
2020-12-15 20:10:12.624 [main] INFO  org.springframework.jmx.export.annotation.AnnotationMBeanExporter - Registering beans for JMX exposure on startup
2020-12-15 20:10:12.625 [main] INFO  org.springframework.jmx.export.annotation.AnnotationMBeanExporter - Bean with name 'dataSource' has been autodetected for JMX exposure
2020-12-15 20:10:12.629 [main] INFO  org.springframework.jmx.export.annotation.AnnotationMBeanExporter - Located MBean 'dataSource': registering with JMX server as MBean [com.zaxxer.hikari:name=dataSource,type=HikariDataSource]
2020-12-15 20:10:12.632 [main] INFO  org.springframework.context.support.DefaultLifecycleProcessor - Starting beans in phase 2147483647
2020-12-15 20:10:12.632 [main] INFO  springfox.documentation.spring.web.plugins.DocumentationPluginsBootstrapper - Context refreshed
2020-12-15 20:10:12.644 [main] INFO  springfox.documentation.spring.web.plugins.DocumentationPluginsBootstrapper - Found 1 custom documentation plugin(s)
2020-12-15 20:10:12.653 [main] INFO  springfox.documentation.spring.web.scanners.ApiListingReferenceScanner - Scanning for api listing references
2020-12-15 20:10:12.834 [main] INFO  org.springframework.boot.web.embedded.tomcat.TomcatWebServer - Tomcat started on port(s): 8888 (http) with context path ''
2020-12-15 20:10:12.837 [main] INFO  com.course.Application - Started Application in 2.76 seconds (JVM running for 3.767)
2020-12-15 20:10:53.881 [http-nio-8888-exec-1] INFO  org.apache.catalina.core.ContainerBase.[Tomcat].[localhost].[/] - Initializing Spring FrameworkServlet 'dispatcherServlet'
2020-12-15 20:10:53.881 [http-nio-8888-exec-1] INFO  org.springframework.web.servlet.DispatcherServlet - FrameworkServlet 'dispatcherServlet': initialization started
2020-12-15 20:10:53.894 [http-nio-8888-exec-1] INFO  org.springframework.web.servlet.DispatcherServlet - FrameworkServlet 'dispatcherServlet': initialization completed in 13 ms
2020-12-15 22:44:52.803 [main] INFO  com.course.Application - Starting Application on DESKTOP-L7F4APK with PID 2388 (C:\Users\aaron\.ssh\workspace\muke\AutoTest\Chapter13\target\classes started by aaron in C:\Users\aaron\.ssh\workspace\muke\AutoTest)
2020-12-15 22:44:52.808 [main] INFO  com.course.Application - No active profile set, falling back to default profiles: default
2020-12-15 22:44:52.894 [main] INFO  o.s.boot.web.servlet.context.AnnotationConfigServletWebServerApplicationContext - Refreshing org.springframework.boot.web.servlet.context.AnnotationConfigServletWebServerApplicationContext@70325e14: startup date [Tue Dec 15 22:44:52 CST 2020]; root of context hierarchy
2020-12-15 22:44:53.924 [main] WARN  org.mybatis.spring.mapper.ClassPathMapperScanner - No MyBatis mapper was found in '[com.course]' package. Please check your configuration.
2020-12-15 22:44:54.255 [main] INFO  o.s.context.support.PostProcessorRegistrationDelegate$BeanPostProcessorChecker - Bean 'org.springframework.transaction.annotation.ProxyTransactionManagementConfiguration' of type [org.springframework.transaction.annotation.ProxyTransactionManagementConfiguration$$EnhancerBySpringCGLIB$$8954a230] is not eligible for getting processed by all BeanPostProcessors (for example: not eligible for auto-proxying)
2020-12-15 22:44:54.551 [main] INFO  org.springframework.boot.web.embedded.tomcat.TomcatWebServer - Tomcat initialized with port(s): 8888 (http)
2020-12-15 22:44:54.569 [main] INFO  org.apache.catalina.core.StandardService - Starting service [Tomcat]
2020-12-15 22:44:54.569 [main] INFO  org.apache.catalina.core.StandardEngine - Starting Servlet Engine: Apache Tomcat/8.5.28
2020-12-15 22:44:54.575 [localhost-startStop-1] INFO  org.apache.catalina.core.AprLifecycleListener - The APR based Apache Tomcat Native library which allows optimal performance in production environments was not found on the java.library.path: [C:\Program Files\Java\jdk1.8.0_211\bin;C:\WINDOWS\Sun\Java\bin;C:\WINDOWS\system32;C:\WINDOWS;C:\Program Files (x86)\Intel\Intel(R) Management Engine Components\iCLS\;C:\Program Files\Intel\Intel(R) Management Engine Components\iCLS\;C:\Program Files\Java\jdk1.8.0_211\bin;E:\oracleclient;E:\oracle\product\11.2.0\dbhome_1\bin;E:\python\Scripts\;E:\python\;C:\Program Files (x86)\Common Files\Oracle\Java\javapath;C:\Windows\system32;C:\Windows;C:\Windows\System32\Wbem;C:\Windows\System32\WindowsPowerShell\v1.0\;C:\Program Files (x86)\NVIDIA Corporation\PhysX\Common;C:\WINDOWS\system32;C:\WINDOWS;C:\WINDOWS\System32\Wbem;C:\WINDOWS\System32\WindowsPowerShell\v1.0\;C:\WINDOWS\System32\OpenSSH\;C:\Program Files\Intel\WiFi\bin\;C:\Program Files\Common Files\Intel\WirelessCommon\;D:\课程代码\robocopy;C:\;rogram Files\MySQL\MySQL Server 5.5\bin;C:\Program Files\NVIDIA Corporation\NVIDIA NvDLISR;C:\Program Files (x86)\Intel\Intel(R) Management Engine Components\DAL;C:\Program Files\Intel\Intel(R) Management Engine Components\DAL;C:\Program Files (x86)\Intel\Intel(R) Management Engine Components\IPT;C:\Program Files\Intel\Intel(R) Management Engine Components\IPT;E:\webtours\c\bin;E:\webtours\perl\site\bin;E:\webtours\perl\bin;C:\strawberry\c\bin;C:\strawberry\perl\bin;E:\Git\cmd;C:\Users\aaron\AppData\Local\Microsoft\WindowsApps;;E:\VSCODE\Microsoft VS Code\bin;E:\idea\IntelliJ IDEA 2020.1\bin;;.]
2020-12-15 22:44:54.666 [localhost-startStop-1] INFO  org.apache.catalina.core.ContainerBase.[Tomcat].[localhost].[/] - Initializing Spring embedded WebApplicationContext
2020-12-15 22:44:54.666 [localhost-startStop-1] INFO  org.springframework.web.context.ContextLoader - Root WebApplicationContext: initialization completed in 1772 ms
2020-12-15 22:44:54.789 [localhost-startStop-1] INFO  org.springframework.boot.web.servlet.ServletRegistrationBean - Servlet dispatcherServlet mapped to [/]
2020-12-15 22:44:54.796 [localhost-startStop-1] INFO  org.springframework.boot.web.servlet.FilterRegistrationBean - Mapping filter: 'characterEncodingFilter' to: [/*]
2020-12-15 22:44:54.797 [localhost-startStop-1] INFO  org.springframework.boot.web.servlet.FilterRegistrationBean - Mapping filter: 'hiddenHttpMethodFilter' to: [/*]
2020-12-15 22:44:54.797 [localhost-startStop-1] INFO  org.springframework.boot.web.servlet.FilterRegistrationBean - Mapping filter: 'httpPutFormContentFilter' to: [/*]
2020-12-15 22:44:54.797 [localhost-startStop-1] INFO  org.springframework.boot.web.servlet.FilterRegistrationBean - Mapping filter: 'requestContextFilter' to: [/*]
2020-12-15 22:44:55.422 [main] INFO  o.springframework.web.servlet.mvc.method.annotation.RequestMappingHandlerMapping - Mapped "{[/v1/getUserInfo],methods=[POST]}" onto public java.util.List<com.course.model.User> com.course.controller.UserManager.getUserInfo(javax.servlet.http.HttpServletRequest,com.course.model.User)
2020-12-15 22:44:55.423 [main] INFO  o.springframework.web.servlet.mvc.method.annotation.RequestMappingHandlerMapping - Mapped "{[/v1/addUser],methods=[POST]}" onto public int com.course.controller.UserManager.addUser(javax.servlet.http.HttpServletRequest,com.course.model.User)
2020-12-15 22:44:55.424 [main] INFO  o.springframework.web.servlet.mvc.method.annotation.RequestMappingHandlerMapping - Mapped "{[/v1/login],methods=[POST]}" onto public java.lang.Boolean com.course.controller.UserManager.login(javax.servlet.http.HttpServletResponse,com.course.model.User)
2020-12-15 22:44:55.424 [main] INFO  o.springframework.web.servlet.mvc.method.annotation.RequestMappingHandlerMapping - Mapped "{[/v1/updateUserInfo],methods=[POST]}" onto public int com.course.controller.UserManager.updateUserInfo(javax.servlet.http.HttpServletRequest,com.course.model.User)
2020-12-15 22:44:55.425 [main] INFO  o.springframework.web.servlet.mvc.method.annotation.RequestMappingHandlerMapping - Mapped "{[/v1/deleteUserInfo],methods=[POST]}" onto public int com.course.controller.UserManager.deleteUserInfo(javax.servlet.http.HttpServletRequest,com.course.model.User)
2020-12-15 22:44:55.427 [main] INFO  o.springframework.web.servlet.mvc.method.annotation.RequestMappingHandlerMapping - Mapped "{[/v2/api-docs],methods=[GET],produces=[application/json || application/hal+json]}" onto public org.springframework.http.ResponseEntity<springfox.documentation.spring.web.json.Json> springfox.documentation.swagger2.web.Swagger2Controller.getDocumentation(java.lang.String,javax.servlet.http.HttpServletRequest)
2020-12-15 22:44:55.433 [main] INFO  o.springframework.web.servlet.mvc.method.annotation.RequestMappingHandlerMapping - Mapped "{[/swagger-resources/configuration/security]}" onto org.springframework.http.ResponseEntity<springfox.documentation.swagger.web.SecurityConfiguration> springfox.documentation.swagger.web.ApiResourceController.securityConfiguration()
2020-12-15 22:44:55.434 [main] INFO  o.springframework.web.servlet.mvc.method.annotation.RequestMappingHandlerMapping - Mapped "{[/swagger-resources/configuration/ui]}" onto org.springframework.http.ResponseEntity<springfox.documentation.swagger.web.UiConfiguration> springfox.documentation.swagger.web.ApiResourceController.uiConfiguration()
2020-12-15 22:44:55.435 [main] INFO  o.springframework.web.servlet.mvc.method.annotation.RequestMappingHandlerMapping - Mapped "{[/swagger-resources]}" onto org.springframework.http.ResponseEntity<java.util.List<springfox.documentation.swagger.web.SwaggerResource>> springfox.documentation.swagger.web.ApiResourceController.swaggerResources()
2020-12-15 22:44:55.439 [main] INFO  o.springframework.web.servlet.mvc.method.annotation.RequestMappingHandlerMapping - Mapped "{[/error]}" onto public org.springframework.http.ResponseEntity<java.util.Map<java.lang.String, java.lang.Object>> org.springframework.boot.autoconfigure.web.servlet.error.BasicErrorController.error(javax.servlet.http.HttpServletRequest)
2020-12-15 22:44:55.439 [main] INFO  o.springframework.web.servlet.mvc.method.annotation.RequestMappingHandlerMapping - Mapped "{[/error],produces=[text/html]}" onto public org.springframework.web.servlet.ModelAndView org.springframework.boot.autoconfigure.web.servlet.error.BasicErrorController.errorHtml(javax.servlet.http.HttpServletRequest,javax.servlet.http.HttpServletResponse)
2020-12-15 22:44:55.774 [main] INFO  o.springframework.web.servlet.mvc.method.annotation.RequestMappingHandlerAdapter - Looking for @ControllerAdvice: org.springframework.boot.web.servlet.context.AnnotationConfigServletWebServerApplicationContext@70325e14: startup date [Tue Dec 15 22:44:52 CST 2020]; root of context hierarchy
2020-12-15 22:44:55.933 [main] INFO  org.springframework.web.servlet.handler.SimpleUrlHandlerMapping - Mapped URL path [/webjars/**] onto handler of type [class org.springframework.web.servlet.resource.ResourceHttpRequestHandler]
2020-12-15 22:44:55.933 [main] INFO  org.springframework.web.servlet.handler.SimpleUrlHandlerMapping - Mapped URL path [/**] onto handler of type [class org.springframework.web.servlet.resource.ResourceHttpRequestHandler]
2020-12-15 22:44:55.972 [main] INFO  org.springframework.web.servlet.handler.SimpleUrlHandlerMapping - Mapped URL path [/**/favicon.ico] onto handler of type [class org.springframework.web.servlet.resource.ResourceHttpRequestHandler]
2020-12-15 22:44:56.166 [main] INFO  org.springframework.jmx.export.annotation.AnnotationMBeanExporter - Registering beans for JMX exposure on startup
2020-12-15 22:44:56.167 [main] INFO  org.springframework.jmx.export.annotation.AnnotationMBeanExporter - Bean with name 'dataSource' has been autodetected for JMX exposure
2020-12-15 22:44:56.174 [main] INFO  org.springframework.jmx.export.annotation.AnnotationMBeanExporter - Located MBean 'dataSource': registering with JMX server as MBean [com.zaxxer.hikari:name=dataSource,type=HikariDataSource]
2020-12-15 22:44:56.180 [main] INFO  org.springframework.context.support.DefaultLifecycleProcessor - Starting beans in phase 2147483647
2020-12-15 22:44:56.180 [main] INFO  springfox.documentation.spring.web.plugins.DocumentationPluginsBootstrapper - Context refreshed
2020-12-15 22:44:56.196 [main] INFO  springfox.documentation.spring.web.plugins.DocumentationPluginsBootstrapper - Found 1 custom documentation plugin(s)
2020-12-15 22:44:56.207 [main] INFO  springfox.documentation.spring.web.scanners.ApiListingReferenceScanner - Scanning for api listing references
2020-12-15 22:44:56.462 [main] INFO  org.springframework.boot.web.embedded.tomcat.TomcatWebServer - Tomcat started on port(s): 8888 (http) with context path ''
2020-12-15 22:44:56.465 [main] INFO  com.course.Application - Started Application in 4.27 seconds (JVM running for 5.991)
2020-12-15 22:45:19.303 [http-nio-8888-exec-1] INFO  org.apache.catalina.core.ContainerBase.[Tomcat].[localhost].[/] - Initializing Spring FrameworkServlet 'dispatcherServlet'
2020-12-15 22:45:19.304 [http-nio-8888-exec-1] INFO  org.springframework.web.servlet.DispatcherServlet - FrameworkServlet 'dispatcherServlet': initialization started
2020-12-15 22:45:19.327 [http-nio-8888-exec-1] INFO  org.springframework.web.servlet.DispatcherServlet - FrameworkServlet 'dispatcherServlet': initialization completed in 23 ms
2020-12-15 22:45:19.416 [http-nio-8888-exec-1] INFO  com.zaxxer.hikari.HikariDataSource - HikariPool-1 - Starting...
2020-12-15 22:45:19.540 [http-nio-8888-exec-1] INFO  com.zaxxer.hikari.HikariDataSource - HikariPool-1 - Start completed.
2020-12-15 22:45:19.566 [http-nio-8888-exec-1] INFO  com.course.controller.UserManager - 查询到的结果是:User(id=1, userName=zhangsan, password=123456, age=20, sex=0, permission=0, isDelete=0)
2020-12-15 22:45:19.567 [http-nio-8888-exec-1] INFO  com.course.controller.UserManager - 登陆的用户是:zhangsan
2020-12-15 22:45:19.613 [http-nio-8888-exec-2] INFO  com.course.controller.UserManager - 查询到的结果是:null
2020-12-15 22:45:19.614 [http-nio-8888-exec-2] INFO  com.course.controller.UserManager - 登陆失败
2020-12-15 22:45:19.630 [http-nio-8888-exec-3] INFO  com.course.utils.UtilsVerifyCookies - cookies验证通过
2020-12-15 22:45:19.631 [http-nio-8888-exec-3] INFO  com.course.controller.UserManager - cookies验证通过
2020-12-15 22:45:19.634 [http-nio-8888-exec-3] INFO  com.course.controller.UserManager - 添加用户数量是:1
2020-12-15 22:45:22.658 [http-nio-8888-exec-4] INFO  com.course.utils.UtilsVerifyCookies - cookies验证通过
2020-12-15 22:45:22.676 [http-nio-8888-exec-4] INFO  com.course.controller.UserManager - 获取的用户信息为:[User(id=1, userName=zhangsan, password=123456, age=20, sex=0, permission=0, isDelete=0)]
2020-12-15 22:45:26.788 [http-nio-8888-exec-5] INFO  com.course.utils.UtilsVerifyCookies - cookies验证通过
2020-12-15 22:45:26.795 [http-nio-8888-exec-5] INFO  com.course.controller.UserManager - 用户信息更新成功条数1
2020-12-15 22:45:30.828 [http-nio-8888-exec-6] INFO  com.course.utils.UtilsVerifyCookies - cookies验证通过
2020-12-15 22:45:30.831 [http-nio-8888-exec-6] INFO  com.course.controller.UserManager - 用户信息更新成功条数1
2020-12-15 22:45:34.845 [http-nio-8888-exec-7] INFO  com.course.utils.UtilsVerifyCookies - cookies验证通过
2020-12-15 22:45:34.847 [http-nio-8888-exec-7] INFO  com.course.controller.UserManager - 获取的用户信息为:[User(id=1, userName=zhangsan, password=123456, age=20, sex=0, permission=0, isDelete=0), User(id=2, userName=hahahaha, password=123456, age=25, sex=1, permission=1, isDelete=0), User(id=3, userName=wangwu, password=123456, age=30, sex=0, permission=1, isDelete=0), User(id=4, userName=zhaoliu, password=123456, age=40, sex=1, permission=1, isDelete=0), User(id=5, userName=zhang1, password=1231, age=20, sex=0, permission=0, isDelete=0), User(id=6, userName=zhao2, password=wqer, age=30, sex=1, permission=1, isDelete=0), User(id=7, userName=li3, password=sdffa, age=50, sex=1, permission=0, isDelete=1), User(id=166, userName=zhao9, password=zhaozhao, age=35, sex=0, permission=1, isDelete=0), User(id=167, userName=zhao9, password=zhaozhao, age=35, sex=0, permission=1, isDelete=0), User(id=168, userName=zhao9, password=zhaozhao, age=35, sex=0, permission=1, isDelete=0), User(id=169, userName=zhao9, password=zhaozhao, age=35, sex=0, permission=1, isDelete=0)]
2020-12-15 22:47:19.478 [main] INFO  com.course.Application - Starting Application on DESKTOP-L7F4APK with PID 2176 (C:\Users\aaron\.ssh\workspace\muke\AutoTest\Chapter13\target\classes started by aaron in C:\Users\aaron\.ssh\workspace\muke\AutoTest)
2020-12-15 22:47:19.484 [main] INFO  com.course.Application - No active profile set, falling back to default profiles: default
2020-12-15 22:47:19.582 [main] INFO  o.s.boot.web.servlet.context.AnnotationConfigServletWebServerApplicationContext - Refreshing org.springframework.boot.web.servlet.context.AnnotationConfigServletWebServerApplicationContext@70325e14: startup date [Tue Dec 15 22:47:19 CST 2020]; root of context hierarchy
2020-12-15 22:47:20.560 [main] WARN  org.mybatis.spring.mapper.ClassPathMapperScanner - No MyBatis mapper was found in '[com.course]' package. Please check your configuration.
2020-12-15 22:47:20.873 [main] INFO  o.s.context.support.PostProcessorRegistrationDelegate$BeanPostProcessorChecker - Bean 'org.springframework.transaction.annotation.ProxyTransactionManagementConfiguration' of type [org.springframework.transaction.annotation.ProxyTransactionManagementConfiguration$$EnhancerBySpringCGLIB$$26dfa627] is not eligible for getting processed by all BeanPostProcessors (for example: not eligible for auto-proxying)
2020-12-15 22:47:21.148 [main] INFO  org.springframework.boot.web.embedded.tomcat.TomcatWebServer - Tomcat initialized with port(s): 8888 (http)
2020-12-15 22:47:21.168 [main] INFO  org.apache.catalina.core.StandardService - Starting service [Tomcat]
2020-12-15 22:47:21.168 [main] INFO  org.apache.catalina.core.StandardEngine - Starting Servlet Engine: Apache Tomcat/8.5.28
2020-12-15 22:47:21.173 [localhost-startStop-1] INFO  org.apache.catalina.core.AprLifecycleListener - The APR based Apache Tomcat Native library which allows optimal performance in production environments was not found on the java.library.path: [C:\Program Files\Java\jdk1.8.0_211\bin;C:\WINDOWS\Sun\Java\bin;C:\WINDOWS\system32;C:\WINDOWS;C:\Program Files (x86)\Intel\Intel(R) Management Engine Components\iCLS\;C:\Program Files\Intel\Intel(R) Management Engine Components\iCLS\;C:\Program Files\Java\jdk1.8.0_211\bin;E:\oracleclient;E:\oracle\product\11.2.0\dbhome_1\bin;E:\python\Scripts\;E:\python\;C:\Program Files (x86)\Common Files\Oracle\Java\javapath;C:\Windows\system32;C:\Windows;C:\Windows\System32\Wbem;C:\Windows\System32\WindowsPowerShell\v1.0\;C:\Program Files (x86)\NVIDIA Corporation\PhysX\Common;C:\WINDOWS\system32;C:\WINDOWS;C:\WINDOWS\System32\Wbem;C:\WINDOWS\System32\WindowsPowerShell\v1.0\;C:\WINDOWS\System32\OpenSSH\;C:\Program Files\Intel\WiFi\bin\;C:\Program Files\Common Files\Intel\WirelessCommon\;D:\课程代码\robocopy;C:\;rogram Files\MySQL\MySQL Server 5.5\bin;C:\Program Files\NVIDIA Corporation\NVIDIA NvDLISR;C:\Program Files (x86)\Intel\Intel(R) Management Engine Components\DAL;C:\Program Files\Intel\Intel(R) Management Engine Components\DAL;C:\Program Files (x86)\Intel\Intel(R) Management Engine Components\IPT;C:\Program Files\Intel\Intel(R) Management Engine Components\IPT;E:\webtours\c\bin;E:\webtours\perl\site\bin;E:\webtours\perl\bin;C:\strawberry\c\bin;C:\strawberry\perl\bin;E:\Git\cmd;C:\Users\aaron\AppData\Local\Microsoft\WindowsApps;;E:\VSCODE\Microsoft VS Code\bin;E:\idea\IntelliJ IDEA 2020.1\bin;;.]
2020-12-15 22:47:21.256 [localhost-startStop-1] INFO  org.apache.catalina.core.ContainerBase.[Tomcat].[localhost].[/] - Initializing Spring embedded WebApplicationContext
2020-12-15 22:47:21.256 [localhost-startStop-1] INFO  org.springframework.web.context.ContextLoader - Root WebApplicationContext: initialization completed in 1675 ms
2020-12-15 22:47:21.372 [localhost-startStop-1] INFO  org.springframework.boot.web.servlet.ServletRegistrationBean - Servlet dispatcherServlet mapped to [/]
2020-12-15 22:47:21.376 [localhost-startStop-1] INFO  org.springframework.boot.web.servlet.FilterRegistrationBean - Mapping filter: 'characterEncodingFilter' to: [/*]
2020-12-15 22:47:21.376 [localhost-startStop-1] INFO  org.springframework.boot.web.servlet.FilterRegistrationBean - Mapping filter: 'hiddenHttpMethodFilter' to: [/*]
2020-12-15 22:47:21.376 [localhost-startStop-1] INFO  org.springframework.boot.web.servlet.FilterRegistrationBean - Mapping filter: 'httpPutFormContentFilter' to: [/*]
2020-12-15 22:47:21.376 [localhost-startStop-1] INFO  org.springframework.boot.web.servlet.FilterRegistrationBean - Mapping filter: 'requestContextFilter' to: [/*]
2020-12-15 22:47:21.966 [main] INFO  o.springframework.web.servlet.mvc.method.annotation.RequestMappingHandlerMapping - Mapped "{[/v1/getUserInfo],methods=[POST]}" onto public java.util.List<com.course.model.User> com.course.controller.UserManager.getUserInfo(javax.servlet.http.HttpServletRequest,com.course.model.User)
2020-12-15 22:47:21.967 [main] INFO  o.springframework.web.servlet.mvc.method.annotation.RequestMappingHandlerMapping - Mapped "{[/v1/addUser],methods=[POST]}" onto public int com.course.controller.UserManager.addUser(javax.servlet.http.HttpServletRequest,com.course.model.User)
2020-12-15 22:47:21.967 [main] INFO  o.springframework.web.servlet.mvc.method.annotation.RequestMappingHandlerMapping - Mapped "{[/v1/deleteUserInfo],methods=[POST]}" onto public int com.course.controller.UserManager.deleteUserInfo(javax.servlet.http.HttpServletRequest,com.course.model.User)
2020-12-15 22:47:21.968 [main] INFO  o.springframework.web.servlet.mvc.method.annotation.RequestMappingHandlerMapping - Mapped "{[/v1/login],methods=[POST]}" onto public java.lang.Boolean com.course.controller.UserManager.login(javax.servlet.http.HttpServletResponse,com.course.model.User)
2020-12-15 22:47:21.968 [main] INFO  o.springframework.web.servlet.mvc.method.annotation.RequestMappingHandlerMapping - Mapped "{[/v1/updateUserInfo],methods=[POST]}" onto public int com.course.controller.UserManager.updateUserInfo(javax.servlet.http.HttpServletRequest,com.course.model.User)
2020-12-15 22:47:21.969 [main] INFO  o.springframework.web.servlet.mvc.method.annotation.RequestMappingHandlerMapping - Mapped "{[/v2/api-docs],methods=[GET],produces=[application/json || application/hal+json]}" onto public org.springframework.http.ResponseEntity<springfox.documentation.spring.web.json.Json> springfox.documentation.swagger2.web.Swagger2Controller.getDocumentation(java.lang.String,javax.servlet.http.HttpServletRequest)
2020-12-15 22:47:21.973 [main] INFO  o.springframework.web.servlet.mvc.method.annotation.RequestMappingHandlerMapping - Mapped "{[/swagger-resources/configuration/security]}" onto org.springframework.http.ResponseEntity<springfox.documentation.swagger.web.SecurityConfiguration> springfox.documentation.swagger.web.ApiResourceController.securityConfiguration()
2020-12-15 22:47:21.973 [main] INFO  o.springframework.web.servlet.mvc.method.annotation.RequestMappingHandlerMapping - Mapped "{[/swagger-resources/configuration/ui]}" onto org.springframework.http.ResponseEntity<springfox.documentation.swagger.web.UiConfiguration> springfox.documentation.swagger.web.ApiResourceController.uiConfiguration()
2020-12-15 22:47:21.974 [main] INFO  o.springframework.web.servlet.mvc.method.annotation.RequestMappingHandlerMapping - Mapped "{[/swagger-resources]}" onto org.springframework.http.ResponseEntity<java.util.List<springfox.documentation.swagger.web.SwaggerResource>> springfox.documentation.swagger.web.ApiResourceController.swaggerResources()
2020-12-15 22:47:21.978 [main] INFO  o.springframework.web.servlet.mvc.method.annotation.RequestMappingHandlerMapping - Mapped "{[/error]}" onto public org.springframework.http.ResponseEntity<java.util.Map<java.lang.String, java.lang.Object>> org.springframework.boot.autoconfigure.web.servlet.error.BasicErrorController.error(javax.servlet.http.HttpServletRequest)
2020-12-15 22:47:21.979 [main] INFO  o.springframework.web.servlet.mvc.method.annotation.RequestMappingHandlerMapping - Mapped "{[/error],produces=[text/html]}" onto public org.springframework.web.servlet.ModelAndView org.springframework.boot.autoconfigure.web.servlet.error.BasicErrorController.errorHtml(javax.servlet.http.HttpServletRequest,javax.servlet.http.HttpServletResponse)
2020-12-15 22:47:22.283 [main] INFO  o.springframework.web.servlet.mvc.method.annotation.RequestMappingHandlerAdapter - Looking for @ControllerAdvice: org.springframework.boot.web.servlet.context.AnnotationConfigServletWebServerApplicationContext@70325e14: startup date [Tue Dec 15 22:47:19 CST 2020]; root of context hierarchy
2020-12-15 22:47:22.411 [main] INFO  org.springframework.web.servlet.handler.SimpleUrlHandlerMapping - Mapped URL path [/webjars/**] onto handler of type [class org.springframework.web.servlet.resource.ResourceHttpRequestHandler]
2020-12-15 22:47:22.411 [main] INFO  org.springframework.web.servlet.handler.SimpleUrlHandlerMapping - Mapped URL path [/**] onto handler of type [class org.springframework.web.servlet.resource.ResourceHttpRequestHandler]
2020-12-15 22:47:22.447 [main] INFO  org.springframework.web.servlet.handler.SimpleUrlHandlerMapping - Mapped URL path [/**/favicon.ico] onto handler of type [class org.springframework.web.servlet.resource.ResourceHttpRequestHandler]
2020-12-15 22:47:22.632 [main] INFO  org.springframework.jmx.export.annotation.AnnotationMBeanExporter - Registering beans for JMX exposure on startup
2020-12-15 22:47:22.633 [main] INFO  org.springframework.jmx.export.annotation.AnnotationMBeanExporter - Bean with name 'dataSource' has been autodetected for JMX exposure
2020-12-15 22:47:22.638 [main] INFO  org.springframework.jmx.export.annotation.AnnotationMBeanExporter - Located MBean 'dataSource': registering with JMX server as MBean [com.zaxxer.hikari:name=dataSource,type=HikariDataSource]
2020-12-15 22:47:22.643 [main] INFO  org.springframework.context.support.DefaultLifecycleProcessor - Starting beans in phase 2147483647
2020-12-15 22:47:22.643 [main] INFO  springfox.documentation.spring.web.plugins.DocumentationPluginsBootstrapper - Context refreshed
2020-12-15 22:47:22.658 [main] INFO  springfox.documentation.spring.web.plugins.DocumentationPluginsBootstrapper - Found 1 custom documentation plugin(s)
2020-12-15 22:47:22.669 [main] INFO  springfox.documentation.spring.web.scanners.ApiListingReferenceScanner - Scanning for api listing references
2020-12-15 22:47:22.916 [main] INFO  org.springframework.boot.web.embedded.tomcat.TomcatWebServer - Tomcat started on port(s): 8888 (http) with context path ''
2020-12-15 22:47:22.920 [main] INFO  com.course.Application - Started Application in 4.019 seconds (JVM running for 5.611)
2020-12-15 22:47:33.473 [http-nio-8888-exec-1] INFO  org.apache.catalina.core.ContainerBase.[Tomcat].[localhost].[/] - Initializing Spring FrameworkServlet 'dispatcherServlet'
2020-12-15 22:47:33.473 [http-nio-8888-exec-1] INFO  org.springframework.web.servlet.DispatcherServlet - FrameworkServlet 'dispatcherServlet': initialization started
2020-12-15 22:47:33.499 [http-nio-8888-exec-1] INFO  org.springframework.web.servlet.DispatcherServlet - FrameworkServlet 'dispatcherServlet': initialization completed in 25 ms
2020-12-15 22:47:33.579 [http-nio-8888-exec-1] INFO  com.zaxxer.hikari.HikariDataSource - HikariPool-1 - Starting...
2020-12-15 22:47:33.709 [http-nio-8888-exec-1] INFO  com.zaxxer.hikari.HikariDataSource - HikariPool-1 - Start completed.
2020-12-15 22:47:33.737 [http-nio-8888-exec-1] INFO  com.course.controller.UserManager - 查询到的结果是:User(id=1, userName=zhangsan, password=123456, age=20, sex=0, permission=0, isDelete=0)
2020-12-15 22:47:33.737 [http-nio-8888-exec-1] INFO  com.course.controller.UserManager - 登陆的用户是:zhangsan
2020-12-15 22:47:33.783 [http-nio-8888-exec-5] INFO  com.course.controller.UserManager - 查询到的结果是:null
2020-12-15 22:47:33.783 [http-nio-8888-exec-5] INFO  com.course.controller.UserManager - 登陆失败
2020-12-15 22:47:33.796 [http-nio-8888-exec-3] INFO  com.course.utils.UtilsVerifyCookies - cookies验证通过
2020-12-15 22:47:33.796 [http-nio-8888-exec-3] INFO  com.course.controller.UserManager - cookies验证通过
2020-12-15 22:47:33.799 [http-nio-8888-exec-3] INFO  com.course.controller.UserManager - 添加用户数量是:1
2020-12-15 22:47:36.822 [http-nio-8888-exec-8] INFO  com.course.utils.UtilsVerifyCookies - cookies验证通过
2020-12-15 22:47:36.841 [http-nio-8888-exec-8] INFO  com.course.controller.UserManager - 获取的用户信息为:[User(id=1, userName=zhangsan, password=123456, age=20, sex=0, permission=0, isDelete=0)]
2020-12-15 22:47:40.949 [http-nio-8888-exec-2] INFO  com.course.utils.UtilsVerifyCookies - cookies验证通过
2020-12-15 22:47:40.952 [http-nio-8888-exec-2] INFO  com.course.controller.UserManager - 用户信息更新成功条数1
2020-12-15 22:47:44.994 [http-nio-8888-exec-6] INFO  com.course.utils.UtilsVerifyCookies - cookies验证通过
2020-12-15 22:47:44.997 [http-nio-8888-exec-6] INFO  com.course.controller.UserManager - 用户信息更新成功条数1
2020-12-15 22:47:49.010 [http-nio-8888-exec-7] INFO  com.course.utils.UtilsVerifyCookies - cookies验证通过
2020-12-15 22:47:49.015 [http-nio-8888-exec-7] INFO  com.course.controller.UserManager - 获取的用户信息为:[User(id=1, userName=zhangsan, password=123456, age=20, sex=0, permission=0, isDelete=0), User(id=2, userName=hahahaha, password=123456, age=25, sex=1, permission=1, isDelete=0), User(id=3, userName=wangwu, password=123456, age=30, sex=0, permission=1, isDelete=0), User(id=4, userName=zhaoliu, password=123456, age=40, sex=1, permission=1, isDelete=0), User(id=5, userName=zhang1, password=1231, age=20, sex=0, permission=0, isDelete=0), User(id=6, userName=zhao2, password=wqer, age=30, sex=1, permission=1, isDelete=0), User(id=7, userName=li3, password=sdffa, age=50, sex=1, permission=0, isDelete=1), User(id=166, userName=zhao9, password=zhaozhao, age=35, sex=0, permission=1, isDelete=0), User(id=167, userName=zhao9, password=zhaozhao, age=35, sex=0, permission=1, isDelete=0), User(id=168, userName=zhao9, password=zhaozhao, age=35, sex=0, permission=1, isDelete=0), User(id=169, userName=zhao9, password=zhaozhao, age=35, sex=0, permission=1, isDelete=0), User(id=170, userName=zhao9, password=zhaozhao, age=35, sex=0, permission=1, isDelete=0)]
