2020-12-05 19:02:38.920 [main] INFO  com.course.Application - Starting Application v1.0-SNAPSHOT on DESKTOP-L7F4APK with PID 14932 (C:\Users\aaron\.ssh\workspace\muke\AutoTest\Chapter13\target\Chapter13-1.0-SNAPSHOT.jar started by aaron in C:\Users\aaron\.ssh\workspace\muke\AutoTest\Chapter13\target)
2020-12-05 19:02:38.925 [main] INFO  com.course.Application - No active profile set, falling back to default profiles: default
2020-12-05 19:02:39.013 [main] INFO  o.s.boot.web.servlet.context.AnnotationConfigServletWebServerApplicationContext - Refreshing org.springframework.boot.web.servlet.context.AnnotationConfigServletWebServerApplicationContext@21bcffb5: startup date [Sat Dec 05 19:02:39 CST 2020]; root of context hierarchy
2020-12-05 19:02:40.173 [main] WARN  org.mybatis.spring.mapper.ClassPathMapperScanner - No MyBatis mapper was found in '[com.course]' package. Please check your configuration.
2020-12-05 19:02:40.597 [main] INFO  o.s.context.support.PostProcessorRegistrationDelegate$BeanPostProcessorChecker - Bean 'org.springframework.transaction.annotation.ProxyTransactionManagementConfiguration' of type [org.springframework.transaction.annotation.ProxyTransactionManagementConfiguration$$EnhancerBySpringCGLIB$$45145b3b] is not eligible for getting processed by all BeanPostProcessors (for example: not eligible for auto-proxying)
2020-12-05 19:02:41.172 [main] INFO  org.springframework.boot.web.embedded.tomcat.TomcatWebServer - Tomcat initialized with port(s): 8888 (http)
2020-12-05 19:02:41.205 [main] INFO  org.apache.catalina.core.StandardService - Starting service [Tomcat]
2020-12-05 19:02:41.205 [main] INFO  org.apache.catalina.core.StandardEngine - Starting Servlet Engine: Apache Tomcat/8.5.28
2020-12-05 19:02:41.215 [localhost-startStop-1] INFO  org.apache.catalina.core.AprLifecycleListener - The APR based Apache Tomcat Native library which allows optimal performance in production environments was not found on the java.library.path: [C:\Program Files\Java\jdk1.8.0_211\bin;C:\WINDOWS\Sun\Java\bin;C:\WINDOWS\system32;C:\WINDOWS;E:\Git\mingw64\bin;E:\Git\usr\bin;C:\Users\aaron\bin;C:\Program Files (x86)\Intel\Intel(R) Management Engine Components\iCLS;C:\Program Files\Intel\Intel(R) Management Engine Components\iCLS;C:\Program Files\Java\jdk1.8.0_211\bin;E:\oracleclient;E:\oracle\product\11.2.0\dbhome_1\bin;E:\python\Scripts;E:\python;C:\Program Files (x86)\Common Files\Oracle\Java\javapath;C:\Windows\system32;C:\Windows;C:\Windows\System32\Wbem;C:\Windows\System32\WindowsPowerShell\v1.0;C:\Program Files (x86)\NVIDIA Corporation\PhysX\Common;C:\WINDOWS\system32;C:\WINDOWS;C:\WINDOWS\System32\Wbem;C:\WINDOWS\System32\WindowsPowerShell\v1.0;C:\WINDOWS\System32\OpenSSH;C:\Program Files\Intel\WiFi\bin;C:\Program Files\Common Files\Intel\WirelessCommon;D:\课程代码\robocopy;C:\;rogram Files\MySQL\MySQL Server 5.5\bin;C:\Program Files\NVIDIA Corporation\NVIDIA NvDLISR;C:\Program Files (x86)\Intel\Intel(R) Management Engine Components\DAL;C:\Program Files\Intel\Intel(R) Management Engine Components\DAL;C:\Program Files (x86)\Intel\Intel(R) Management Engine Components\IPT;C:\Program Files\Intel\Intel(R) Management Engine Components\IPT;E:\webtours\c\bin;E:\webtours\perl\site\bin;E:\webtours\perl\bin;C:\strawberry\c\bin;C:\strawberry\perl\bin;E:\Git\cmd;C:\Users\aaron\AppData\Local\Microsoft\WindowsApps;E:\VSCODE\Microsoft VS Code\bin;E:\idea\IntelliJ IDEA 2020.1\bin;.]
2020-12-05 19:02:41.328 [localhost-startStop-1] INFO  org.apache.catalina.core.ContainerBase.[Tomcat].[localhost].[/] - Initializing Spring embedded WebApplicationContext
2020-12-05 19:02:41.328 [localhost-startStop-1] INFO  org.springframework.web.context.ContextLoader - Root WebApplicationContext: initialization completed in 2315 ms
2020-12-05 19:02:41.518 [localhost-startStop-1] INFO  org.springframework.boot.web.servlet.ServletRegistrationBean - Servlet dispatcherServlet mapped to [/]
2020-12-05 19:02:41.523 [localhost-startStop-1] INFO  org.springframework.boot.web.servlet.FilterRegistrationBean - Mapping filter: 'characterEncodingFilter' to: [/*]
2020-12-05 19:02:41.524 [localhost-startStop-1] INFO  org.springframework.boot.web.servlet.FilterRegistrationBean - Mapping filter: 'hiddenHttpMethodFilter' to: [/*]
2020-12-05 19:02:41.524 [localhost-startStop-1] INFO  org.springframework.boot.web.servlet.FilterRegistrationBean - Mapping filter: 'httpPutFormContentFilter' to: [/*]
2020-12-05 19:02:41.524 [localhost-startStop-1] INFO  org.springframework.boot.web.servlet.FilterRegistrationBean - Mapping filter: 'requestContextFilter' to: [/*]
2020-12-05 19:02:42.832 [main] INFO  o.springframework.web.servlet.mvc.method.annotation.RequestMappingHandlerMapping - Mapped "{[/v1/getUserInfo],methods=[POST]}" onto public java.util.List<com.course.model.User> com.course.controller.UserManager.getUserInfo(javax.servlet.http.HttpServletRequest,com.course.model.User)
2020-12-05 19:02:42.834 [main] INFO  o.springframework.web.servlet.mvc.method.annotation.RequestMappingHandlerMapping - Mapped "{[/v1/addUser],methods=[POST]}" onto public int com.course.controller.UserManager.addUser(javax.servlet.http.HttpServletRequest,com.course.model.User)
2020-12-05 19:02:42.834 [main] INFO  o.springframework.web.servlet.mvc.method.annotation.RequestMappingHandlerMapping - Mapped "{[/v1/updateUserInfo],methods=[POST]}" onto public int com.course.controller.UserManager.updateUserInfo(javax.servlet.http.HttpServletRequest,com.course.model.User)
2020-12-05 19:02:42.835 [main] INFO  o.springframework.web.servlet.mvc.method.annotation.RequestMappingHandlerMapping - Mapped "{[/v1/login],methods=[POST]}" onto public java.lang.Boolean com.course.controller.UserManager.login(javax.servlet.http.HttpServletResponse,com.course.model.User)
2020-12-05 19:02:42.835 [main] INFO  o.springframework.web.servlet.mvc.method.annotation.RequestMappingHandlerMapping - Mapped "{[/v1/deleteUserInfo],methods=[POST]}" onto public int com.course.controller.UserManager.deleteUserInfo(javax.servlet.http.HttpServletRequest,com.course.model.User)
2020-12-05 19:02:42.839 [main] INFO  o.springframework.web.servlet.mvc.method.annotation.RequestMappingHandlerMapping - Mapped "{[/v2/api-docs],methods=[GET],produces=[application/json || application/hal+json]}" onto public org.springframework.http.ResponseEntity<springfox.documentation.spring.web.json.Json> springfox.documentation.swagger2.web.Swagger2Controller.getDocumentation(java.lang.String,javax.servlet.http.HttpServletRequest)
2020-12-05 19:02:42.847 [main] INFO  o.springframework.web.servlet.mvc.method.annotation.RequestMappingHandlerMapping - Mapped "{[/swagger-resources]}" onto org.springframework.http.ResponseEntity<java.util.List<springfox.documentation.swagger.web.SwaggerResource>> springfox.documentation.swagger.web.ApiResourceController.swaggerResources()
2020-12-05 19:02:42.850 [main] INFO  o.springframework.web.servlet.mvc.method.annotation.RequestMappingHandlerMapping - Mapped "{[/swagger-resources/configuration/ui]}" onto org.springframework.http.ResponseEntity<springfox.documentation.swagger.web.UiConfiguration> springfox.documentation.swagger.web.ApiResourceController.uiConfiguration()
2020-12-05 19:02:42.854 [main] INFO  o.springframework.web.servlet.mvc.method.annotation.RequestMappingHandlerMapping - Mapped "{[/swagger-resources/configuration/security]}" onto org.springframework.http.ResponseEntity<springfox.documentation.swagger.web.SecurityConfiguration> springfox.documentation.swagger.web.ApiResourceController.securityConfiguration()
2020-12-05 19:02:42.862 [main] INFO  o.springframework.web.servlet.mvc.method.annotation.RequestMappingHandlerMapping - Mapped "{[/error]}" onto public org.springframework.http.ResponseEntity<java.util.Map<java.lang.String, java.lang.Object>> org.springframework.boot.autoconfigure.web.servlet.error.BasicErrorController.error(javax.servlet.http.HttpServletRequest)
2020-12-05 19:02:42.863 [main] INFO  o.springframework.web.servlet.mvc.method.annotation.RequestMappingHandlerMapping - Mapped "{[/error],produces=[text/html]}" onto public org.springframework.web.servlet.ModelAndView org.springframework.boot.autoconfigure.web.servlet.error.BasicErrorController.errorHtml(javax.servlet.http.HttpServletRequest,javax.servlet.http.HttpServletResponse)
2020-12-05 19:02:43.553 [main] INFO  o.springframework.web.servlet.mvc.method.annotation.RequestMappingHandlerAdapter - Looking for @ControllerAdvice: org.springframework.boot.web.servlet.context.AnnotationConfigServletWebServerApplicationContext@21bcffb5: startup date [Sat Dec 05 19:02:39 CST 2020]; root of context hierarchy
2020-12-05 19:02:43.667 [main] INFO  org.springframework.web.servlet.handler.SimpleUrlHandlerMapping - Mapped URL path [/webjars/**] onto handler of type [class org.springframework.web.servlet.resource.ResourceHttpRequestHandler]
2020-12-05 19:02:43.668 [main] INFO  org.springframework.web.servlet.handler.SimpleUrlHandlerMapping - Mapped URL path [/**] onto handler of type [class org.springframework.web.servlet.resource.ResourceHttpRequestHandler]
2020-12-05 19:02:43.748 [main] INFO  org.springframework.web.servlet.handler.SimpleUrlHandlerMapping - Mapped URL path [/**/favicon.ico] onto handler of type [class org.springframework.web.servlet.resource.ResourceHttpRequestHandler]
2020-12-05 19:02:44.144 [main] INFO  org.springframework.jmx.export.annotation.AnnotationMBeanExporter - Registering beans for JMX exposure on startup
2020-12-05 19:02:44.147 [main] INFO  org.springframework.jmx.export.annotation.AnnotationMBeanExporter - Bean with name 'dataSource' has been autodetected for JMX exposure
2020-12-05 19:02:44.159 [main] INFO  org.springframework.jmx.export.annotation.AnnotationMBeanExporter - Located MBean 'dataSource': registering with JMX server as MBean [com.zaxxer.hikari:name=dataSource,type=HikariDataSource]
2020-12-05 19:02:44.168 [main] INFO  org.springframework.context.support.DefaultLifecycleProcessor - Starting beans in phase 2147483647
2020-12-05 19:02:44.169 [main] INFO  springfox.documentation.spring.web.plugins.DocumentationPluginsBootstrapper - Context refreshed
2020-12-05 19:02:44.207 [main] INFO  springfox.documentation.spring.web.plugins.DocumentationPluginsBootstrapper - Found 1 custom documentation plugin(s)
2020-12-05 19:02:44.276 [main] INFO  springfox.documentation.spring.web.scanners.ApiListingReferenceScanner - Scanning for api listing references
2020-12-05 19:02:44.734 [main] INFO  org.springframework.boot.web.embedded.tomcat.TomcatWebServer - Tomcat started on port(s): 8888 (http) with context path ''
2020-12-05 19:02:44.740 [main] INFO  com.course.Application - Started Application in 6.298 seconds (JVM running for 6.964)
2020-12-05 19:02:59.538 [Thread-3] INFO  o.s.boot.web.servlet.context.AnnotationConfigServletWebServerApplicationContext - Closing org.springframework.boot.web.servlet.context.AnnotationConfigServletWebServerApplicationContext@21bcffb5: startup date [Sat Dec 05 19:02:39 CST 2020]; root of context hierarchy
2020-12-05 19:02:59.541 [Thread-3] INFO  org.springframework.context.support.DefaultLifecycleProcessor - Stopping beans in phase 2147483647
2020-12-05 19:02:59.542 [Thread-3] INFO  org.springframework.jmx.export.annotation.AnnotationMBeanExporter - Unregistering JMX-exposed beans on shutdown
2020-12-05 19:02:59.543 [Thread-3] INFO  org.springframework.jmx.export.annotation.AnnotationMBeanExporter - Unregistering JMX-exposed beans
2020-12-05 19:04:29.052 [main] INFO  com.course.Application - Starting Application v1.0-SNAPSHOT on DESKTOP-L7F4APK with PID 11280 (C:\Users\aaron\.ssh\workspace\muke\AutoTest\Chapter13\target\Chapter13-1.0-SNAPSHOT.jar started by aaron in C:\Users\aaron\.ssh\workspace\muke\AutoTest\Chapter13\target)
2020-12-05 19:04:29.058 [main] INFO  com.course.Application - No active profile set, falling back to default profiles: default
2020-12-05 19:04:29.160 [main] INFO  o.s.boot.web.servlet.context.AnnotationConfigServletWebServerApplicationContext - Refreshing org.springframework.boot.web.servlet.context.AnnotationConfigServletWebServerApplicationContext@21bcffb5: startup date [Sat Dec 05 19:04:29 CST 2020]; root of context hierarchy
2020-12-05 19:04:30.874 [main] WARN  org.mybatis.spring.mapper.ClassPathMapperScanner - No MyBatis mapper was found in '[com.course]' package. Please check your configuration.
2020-12-05 19:04:31.448 [main] INFO  o.s.context.support.PostProcessorRegistrationDelegate$BeanPostProcessorChecker - Bean 'org.springframework.transaction.annotation.ProxyTransactionManagementConfiguration' of type [org.springframework.transaction.annotation.ProxyTransactionManagementConfiguration$$EnhancerBySpringCGLIB$$45145b3b] is not eligible for getting processed by all BeanPostProcessors (for example: not eligible for auto-proxying)
2020-12-05 19:04:32.209 [main] INFO  org.springframework.boot.web.embedded.tomcat.TomcatWebServer - Tomcat initialized with port(s): 8888 (http)
2020-12-05 19:04:32.244 [main] INFO  org.apache.catalina.core.StandardService - Starting service [Tomcat]
2020-12-05 19:04:32.245 [main] INFO  org.apache.catalina.core.StandardEngine - Starting Servlet Engine: Apache Tomcat/8.5.28
2020-12-05 19:04:32.262 [localhost-startStop-1] INFO  org.apache.catalina.core.AprLifecycleListener - The APR based Apache Tomcat Native library which allows optimal performance in production environments was not found on the java.library.path: [C:\Program Files\Java\jdk1.8.0_211\bin;C:\WINDOWS\Sun\Java\bin;C:\WINDOWS\system32;C:\WINDOWS;E:\Git\mingw64\bin;E:\Git\usr\bin;C:\Users\aaron\bin;C:\Program Files (x86)\Intel\Intel(R) Management Engine Components\iCLS;C:\Program Files\Intel\Intel(R) Management Engine Components\iCLS;C:\Program Files\Java\jdk1.8.0_211\bin;E:\oracleclient;E:\oracle\product\11.2.0\dbhome_1\bin;E:\python\Scripts;E:\python;C:\Program Files (x86)\Common Files\Oracle\Java\javapath;C:\Windows\system32;C:\Windows;C:\Windows\System32\Wbem;C:\Windows\System32\WindowsPowerShell\v1.0;C:\Program Files (x86)\NVIDIA Corporation\PhysX\Common;C:\WINDOWS\system32;C:\WINDOWS;C:\WINDOWS\System32\Wbem;C:\WINDOWS\System32\WindowsPowerShell\v1.0;C:\WINDOWS\System32\OpenSSH;C:\Program Files\Intel\WiFi\bin;C:\Program Files\Common Files\Intel\WirelessCommon;D:\课程代码\robocopy;C:\;rogram Files\MySQL\MySQL Server 5.5\bin;C:\Program Files\NVIDIA Corporation\NVIDIA NvDLISR;C:\Program Files (x86)\Intel\Intel(R) Management Engine Components\DAL;C:\Program Files\Intel\Intel(R) Management Engine Components\DAL;C:\Program Files (x86)\Intel\Intel(R) Management Engine Components\IPT;C:\Program Files\Intel\Intel(R) Management Engine Components\IPT;E:\webtours\c\bin;E:\webtours\perl\site\bin;E:\webtours\perl\bin;C:\strawberry\c\bin;C:\strawberry\perl\bin;E:\Git\cmd;C:\Users\aaron\AppData\Local\Microsoft\WindowsApps;E:\VSCODE\Microsoft VS Code\bin;E:\idea\IntelliJ IDEA 2020.1\bin;.]
2020-12-05 19:04:32.415 [localhost-startStop-1] INFO  org.apache.catalina.core.ContainerBase.[Tomcat].[localhost].[/] - Initializing Spring embedded WebApplicationContext
2020-12-05 19:04:32.415 [localhost-startStop-1] INFO  org.springframework.web.context.ContextLoader - Root WebApplicationContext: initialization completed in 3255 ms
2020-12-05 19:04:32.613 [localhost-startStop-1] INFO  org.springframework.boot.web.servlet.ServletRegistrationBean - Servlet dispatcherServlet mapped to [/]
2020-12-05 19:04:32.619 [localhost-startStop-1] INFO  org.springframework.boot.web.servlet.FilterRegistrationBean - Mapping filter: 'characterEncodingFilter' to: [/*]
2020-12-05 19:04:32.620 [localhost-startStop-1] INFO  org.springframework.boot.web.servlet.FilterRegistrationBean - Mapping filter: 'hiddenHttpMethodFilter' to: [/*]
2020-12-05 19:04:32.620 [localhost-startStop-1] INFO  org.springframework.boot.web.servlet.FilterRegistrationBean - Mapping filter: 'httpPutFormContentFilter' to: [/*]
2020-12-05 19:04:32.620 [localhost-startStop-1] INFO  org.springframework.boot.web.servlet.FilterRegistrationBean - Mapping filter: 'requestContextFilter' to: [/*]
2020-12-05 19:04:34.000 [main] INFO  o.springframework.web.servlet.mvc.method.annotation.RequestMappingHandlerMapping - Mapped "{[/v1/getUserInfo],methods=[POST]}" onto public java.util.List<com.course.model.User> com.course.controller.UserManager.getUserInfo(javax.servlet.http.HttpServletRequest,com.course.model.User)
2020-12-05 19:04:34.003 [main] INFO  o.springframework.web.servlet.mvc.method.annotation.RequestMappingHandlerMapping - Mapped "{[/v1/deleteUserInfo],methods=[POST]}" onto public int com.course.controller.UserManager.deleteUserInfo(javax.servlet.http.HttpServletRequest,com.course.model.User)
2020-12-05 19:04:34.004 [main] INFO  o.springframework.web.servlet.mvc.method.annotation.RequestMappingHandlerMapping - Mapped "{[/v1/login],methods=[POST]}" onto public java.lang.Boolean com.course.controller.UserManager.login(javax.servlet.http.HttpServletResponse,com.course.model.User)
2020-12-05 19:04:34.005 [main] INFO  o.springframework.web.servlet.mvc.method.annotation.RequestMappingHandlerMapping - Mapped "{[/v1/updateUserInfo],methods=[POST]}" onto public int com.course.controller.UserManager.updateUserInfo(javax.servlet.http.HttpServletRequest,com.course.model.User)
2020-12-05 19:04:34.005 [main] INFO  o.springframework.web.servlet.mvc.method.annotation.RequestMappingHandlerMapping - Mapped "{[/v1/addUser],methods=[POST]}" onto public int com.course.controller.UserManager.addUser(javax.servlet.http.HttpServletRequest,com.course.model.User)
2020-12-05 19:04:34.007 [main] INFO  o.springframework.web.servlet.mvc.method.annotation.RequestMappingHandlerMapping - Mapped "{[/v2/api-docs],methods=[GET],produces=[application/json || application/hal+json]}" onto public org.springframework.http.ResponseEntity<springfox.documentation.spring.web.json.Json> springfox.documentation.swagger2.web.Swagger2Controller.getDocumentation(java.lang.String,javax.servlet.http.HttpServletRequest)
2020-12-05 19:04:34.015 [main] INFO  o.springframework.web.servlet.mvc.method.annotation.RequestMappingHandlerMapping - Mapped "{[/swagger-resources/configuration/ui]}" onto org.springframework.http.ResponseEntity<springfox.documentation.swagger.web.UiConfiguration> springfox.documentation.swagger.web.ApiResourceController.uiConfiguration()
2020-12-05 19:04:34.016 [main] INFO  o.springframework.web.servlet.mvc.method.annotation.RequestMappingHandlerMapping - Mapped "{[/swagger-resources]}" onto org.springframework.http.ResponseEntity<java.util.List<springfox.documentation.swagger.web.SwaggerResource>> springfox.documentation.swagger.web.ApiResourceController.swaggerResources()
2020-12-05 19:04:34.018 [main] INFO  o.springframework.web.servlet.mvc.method.annotation.RequestMappingHandlerMapping - Mapped "{[/swagger-resources/configuration/security]}" onto org.springframework.http.ResponseEntity<springfox.documentation.swagger.web.SecurityConfiguration> springfox.documentation.swagger.web.ApiResourceController.securityConfiguration()
2020-12-05 19:04:34.026 [main] INFO  o.springframework.web.servlet.mvc.method.annotation.RequestMappingHandlerMapping - Mapped "{[/error]}" onto public org.springframework.http.ResponseEntity<java.util.Map<java.lang.String, java.lang.Object>> org.springframework.boot.autoconfigure.web.servlet.error.BasicErrorController.error(javax.servlet.http.HttpServletRequest)
2020-12-05 19:04:34.028 [main] INFO  o.springframework.web.servlet.mvc.method.annotation.RequestMappingHandlerMapping - Mapped "{[/error],produces=[text/html]}" onto public org.springframework.web.servlet.ModelAndView org.springframework.boot.autoconfigure.web.servlet.error.BasicErrorController.errorHtml(javax.servlet.http.HttpServletRequest,javax.servlet.http.HttpServletResponse)
2020-12-05 19:04:34.727 [main] INFO  o.springframework.web.servlet.mvc.method.annotation.RequestMappingHandlerAdapter - Looking for @ControllerAdvice: org.springframework.boot.web.servlet.context.AnnotationConfigServletWebServerApplicationContext@21bcffb5: startup date [Sat Dec 05 19:04:29 CST 2020]; root of context hierarchy
2020-12-05 19:04:34.848 [main] INFO  org.springframework.web.servlet.handler.SimpleUrlHandlerMapping - Mapped URL path [/webjars/**] onto handler of type [class org.springframework.web.servlet.resource.ResourceHttpRequestHandler]
2020-12-05 19:04:34.848 [main] INFO  org.springframework.web.servlet.handler.SimpleUrlHandlerMapping - Mapped URL path [/**] onto handler of type [class org.springframework.web.servlet.resource.ResourceHttpRequestHandler]
2020-12-05 19:04:34.942 [main] INFO  org.springframework.web.servlet.handler.SimpleUrlHandlerMapping - Mapped URL path [/**/favicon.ico] onto handler of type [class org.springframework.web.servlet.resource.ResourceHttpRequestHandler]
2020-12-05 19:04:35.355 [main] INFO  org.springframework.jmx.export.annotation.AnnotationMBeanExporter - Registering beans for JMX exposure on startup
2020-12-05 19:04:35.358 [main] INFO  org.springframework.jmx.export.annotation.AnnotationMBeanExporter - Bean with name 'dataSource' has been autodetected for JMX exposure
2020-12-05 19:04:35.369 [main] INFO  org.springframework.jmx.export.annotation.AnnotationMBeanExporter - Located MBean 'dataSource': registering with JMX server as MBean [com.zaxxer.hikari:name=dataSource,type=HikariDataSource]
2020-12-05 19:04:35.378 [main] INFO  org.springframework.context.support.DefaultLifecycleProcessor - Starting beans in phase 2147483647
2020-12-05 19:04:35.379 [main] INFO  springfox.documentation.spring.web.plugins.DocumentationPluginsBootstrapper - Context refreshed
2020-12-05 19:04:35.422 [main] INFO  springfox.documentation.spring.web.plugins.DocumentationPluginsBootstrapper - Found 1 custom documentation plugin(s)
2020-12-05 19:04:35.487 [main] INFO  springfox.documentation.spring.web.scanners.ApiListingReferenceScanner - Scanning for api listing references
2020-12-05 19:04:35.995 [main] INFO  org.springframework.boot.web.embedded.tomcat.TomcatWebServer - Tomcat started on port(s): 8888 (http) with context path ''
2020-12-05 19:04:36.002 [main] INFO  com.course.Application - Started Application in 7.439 seconds (JVM running for 8.075)
2020-12-05 19:04:48.699 [http-nio-8888-exec-1] INFO  org.apache.catalina.core.ContainerBase.[Tomcat].[localhost].[/] - Initializing Spring FrameworkServlet 'dispatcherServlet'
2020-12-05 19:04:48.699 [http-nio-8888-exec-1] INFO  org.springframework.web.servlet.DispatcherServlet - FrameworkServlet 'dispatcherServlet': initialization started
2020-12-05 19:04:48.742 [http-nio-8888-exec-1] INFO  org.springframework.web.servlet.DispatcherServlet - FrameworkServlet 'dispatcherServlet': initialization completed in 43 ms
2020-12-05 19:04:48.926 [http-nio-8888-exec-1] INFO  com.zaxxer.hikari.HikariDataSource - HikariPool-1 - Starting...
2020-12-05 19:04:49.324 [http-nio-8888-exec-1] INFO  com.zaxxer.hikari.HikariDataSource - HikariPool-1 - Start completed.
2020-12-05 19:04:49.370 [http-nio-8888-exec-1] INFO  com.course.controller.UserManager - 查询到的结果是:User(id=1, userName=zhangsan, password=123456, age=20, sex=0, permission=0, isDelete=0)
2020-12-05 19:04:49.371 [http-nio-8888-exec-1] INFO  com.course.controller.UserManager - 登陆的用户是:zhangsan
2020-12-05 19:04:49.442 [http-nio-8888-exec-2] INFO  com.course.controller.UserManager - 查询到的结果是:null
2020-12-05 19:04:49.442 [http-nio-8888-exec-2] INFO  com.course.controller.UserManager - 登陆失败
2020-12-05 19:04:49.472 [http-nio-8888-exec-3] INFO  com.course.utils.UtilsVerifyCookies - cookies验证通过
2020-12-05 19:04:49.473 [http-nio-8888-exec-3] INFO  com.course.controller.UserManager - cookies验证通过
2020-12-05 19:04:49.478 [http-nio-8888-exec-3] INFO  com.course.controller.UserManager - 添加用户数量是:1
2020-12-05 19:04:53.500 [http-nio-8888-exec-4] INFO  com.course.utils.UtilsVerifyCookies - cookies验证通过
2020-12-05 19:04:53.528 [http-nio-8888-exec-4] INFO  com.course.controller.UserManager - 获取的用户信息为:[User(id=1, userName=zhangsan, password=123456, age=20, sex=0, permission=0, isDelete=0)]
2020-12-05 19:04:57.635 [http-nio-8888-exec-5] INFO  com.course.utils.UtilsVerifyCookies - cookies验证通过
2020-12-05 19:04:57.639 [http-nio-8888-exec-5] INFO  com.course.controller.UserManager - 用户信息更新成功条数1
2020-12-05 19:05:00.665 [http-nio-8888-exec-6] INFO  com.course.utils.UtilsVerifyCookies - cookies验证通过
2020-12-05 19:05:00.668 [http-nio-8888-exec-6] INFO  com.course.controller.UserManager - 用户信息更新成功条数1
2020-12-05 19:05:03.689 [http-nio-8888-exec-7] INFO  com.course.utils.UtilsVerifyCookies - cookies验证通过
2020-12-05 19:05:03.692 [http-nio-8888-exec-7] INFO  com.course.controller.UserManager - 获取的用户信息为:[User(id=1, userName=zhangsan, password=123456, age=20, sex=0, permission=0, isDelete=0), User(id=2, userName=hahahaha, password=123456, age=25, sex=1, permission=1, isDelete=0), User(id=3, userName=wangwu, password=123456, age=30, sex=0, permission=1, isDelete=0), User(id=4, userName=zhaoliu, password=123456, age=40, sex=1, permission=1, isDelete=0), User(id=5, userName=zhang1, password=1231, age=20, sex=0, permission=0, isDelete=0), User(id=6, userName=zhao2, password=wqer, age=30, sex=1, permission=1, isDelete=0), User(id=7, userName=li3, password=sdffa, age=50, sex=1, permission=0, isDelete=1), User(id=125, userName=zhao9, password=zhaozhao, age=35, sex=0, permission=1, isDelete=0), User(id=126, userName=zhao9, password=zhaozhao, age=35, sex=0, permission=1, isDelete=0), User(id=127, userName=zhao9, password=zhaozhao, age=35, sex=0, permission=1, isDelete=0), User(id=128, userName=zhao9, password=zhaozhao, age=35, sex=0, permission=1, isDelete=0)]
2020-12-05 19:05:27.131 [Thread-3] INFO  o.s.boot.web.servlet.context.AnnotationConfigServletWebServerApplicationContext - Closing org.springframework.boot.web.servlet.context.AnnotationConfigServletWebServerApplicationContext@21bcffb5: startup date [Sat Dec 05 19:04:29 CST 2020]; root of context hierarchy
2020-12-05 19:05:27.133 [Thread-3] INFO  org.springframework.context.support.DefaultLifecycleProcessor - Stopping beans in phase 2147483647
2020-12-05 19:05:27.134 [Thread-3] INFO  org.springframework.jmx.export.annotation.AnnotationMBeanExporter - Unregistering JMX-exposed beans on shutdown
2020-12-05 19:05:27.137 [Thread-3] INFO  org.springframework.jmx.export.annotation.AnnotationMBeanExporter - Unregistering JMX-exposed beans
2020-12-05 19:05:27.139 [Thread-3] INFO  com.zaxxer.hikari.HikariDataSource - HikariPool-1 - Shutdown initiated...
2020-12-05 19:05:27.144 [Thread-3] INFO  com.zaxxer.hikari.HikariDataSource - HikariPool-1 - Shutdown completed.
